[2020-11-17 02:12:07] local.ERROR: View [.layouts.app] not found. {"exception":"[object] (InvalidArgumentException(code: 0): View [.layouts.app] not found. at /media/cejota/9AF06BD5F06BB663/agroecologia/sistema-de-gestao-agricola/vendor/laravel/framework/src/Illuminate/View/FileViewFinder.php:137)
[stacktrace]
#0 /media/cejota/9AF06BD5F06BB663/agroecologia/sistema-de-gestao-agricola/vendor/laravel/framework/src/Illuminate/View/FileViewFinder.php(79): Illuminate\\View\\FileViewFinder->findInPaths()
#1 /media/cejota/9AF06BD5F06BB663/agroecologia/sistema-de-gestao-agricola/vendor/laravel/framework/src/Illuminate/View/Factory.php(138): Illuminate\\View\\FileViewFinder->find()
#2 /media/cejota/9AF06BD5F06BB663/agroecologia/sistema-de-gestao-agricola/vendor/laravel/framework/src/Illuminate/Foundation/helpers.php(897): Illuminate\\View\\Factory->make()
#3 /media/cejota/9AF06BD5F06BB663/agroecologia/sistema-de-gestao-agricola/routes/web.php(21): view()
#4 /media/cejota/9AF06BD5F06BB663/agroecologia/sistema-de-gestao-agricola/vendor/laravel/framework/src/Illuminate/Routing/Route.php(230): Illuminate\\Routing\\RouteFileRegistrar->{closure}()
#5 /media/cejota/9AF06BD5F06BB663/agroecologia/sistema-de-gestao-agricola/vendor/laravel/framework/src/Illuminate/Routing/Route.php(200): Illuminate\\Routing\\Route->runCallable()
#6 /media/cejota/9AF06BD5F06BB663/agroecologia/sistema-de-gestao-agricola/vendor/laravel/framework/src/Illuminate/Routing/Router.php(691): Illuminate\\Routing\\Route->run()
#7 /media/cejota/9AF06BD5F06BB663/agroecologia/sistema-de-gestao-agricola/vendor/laravel/framework/src/Illuminate/Pipeline/Pipeline.php(128): Illuminate\\Routing\\Router->Illuminate\\Routing\\{closure}()
#8 /media/cejota/9AF06BD5F06BB663/agroecologia/sistema-de-gestao-agricola/vendor/laravel/framework/src/Illuminate/Routing/Middleware/SubstituteBindings.php(41): Illuminate\\Pipeline\\Pipeline->Illuminate\\Pipeline\\{closure}()
#9 /media/cejota/9AF06BD5F06BB663/agroecologia/sistema-de-gestao-agricola/vendor/laravel/framework/src/Illuminate/Pipeline/Pipeline.php(167): Illuminate\\Routing\\Middleware\\SubstituteBindings->handle()
#10 /media/cejota/9AF06BD5F06BB663/agroecologia/sistema-de-gestao-agricola/vendor/laravel/framework/src/Illuminate/Foundation/Http/Middleware/VerifyCsrfToken.php(77): Illuminate\\Pipeline\\Pipeline->Illuminate\\Pipeline\\{closure}()
#11 /media/cejota/9AF06BD5F06BB663/agroecologia/sistema-de-gestao-agricola/vendor/laravel/framework/src/Illuminate/Pipeline/Pipeline.php(167): Illuminate\\Foundation\\Http\\Middleware\\VerifyCsrfToken->handle()
#12 /media/cejota/9AF06BD5F06BB663/agroecologia/sistema-de-gestao-agricola/vendor/laravel/framework/src/Illuminate/View/Middleware/ShareErrorsFromSession.php(49): Illuminate\\Pipeline\\Pipeline->Illuminate\\Pipeline\\{closure}()
#13 /media/cejota/9AF06BD5F06BB663/agroecologia/sistema-de-gestao-agricola/vendor/laravel/framework/src/Illuminate/Pipeline/Pipeline.php(167): Illuminate\\View\\Middleware\\ShareErrorsFromSession->handle()
#14 /media/cejota/9AF06BD5F06BB663/agroecologia/sistema-de-gestao-agricola/vendor/laravel/framework/src/Illuminate/Session/Middleware/StartSession.php(121): Illuminate\\Pipeline\\Pipeline->Illuminate\\Pipeline\\{closure}()
#15 /media/cejota/9AF06BD5F06BB663/agroecologia/sistema-de-gestao-agricola/vendor/laravel/framework/src/Illuminate/Session/Middleware/StartSession.php(63): Illuminate\\Session\\Middleware\\StartSession->handleStatefulRequest()
#16 /media/cejota/9AF06BD5F06BB663/agroecologia/sistema-de-gestao-agricola/vendor/laravel/framework/src/Illuminate/Pipeline/Pipeline.php(167): Illuminate\\Session\\Middleware\\StartSession->handle()
#17 /media/cejota/9AF06BD5F06BB663/agroecologia/sistema-de-gestao-agricola/vendor/laravel/framework/src/Illuminate/Cookie/Middleware/AddQueuedCookiesToResponse.php(37): Illuminate\\Pipeline\\Pipeline->Illuminate\\Pipeline\\{closure}()
#18 /media/cejota/9AF06BD5F06BB663/agroecologia/sistema-de-gestao-agricola/vendor/laravel/framework/src/Illuminate/Pipeline/Pipeline.php(167): Illuminate\\Cookie\\Middleware\\AddQueuedCookiesToResponse->handle()
#19 /media/cejota/9AF06BD5F06BB663/agroecologia/sistema-de-gestao-agricola/vendor/laravel/framework/src/Illuminate/Cookie/Middleware/EncryptCookies.php(67): Illuminate\\Pipeline\\Pipeline->Illuminate\\Pipeline\\{closure}()
#20 /media/cejota/9AF06BD5F06BB663/agroecologia/sistema-de-gestao-agricola/vendor/laravel/framework/src/Illuminate/Pipeline/Pipeline.php(167): Illuminate\\Cookie\\Middleware\\EncryptCookies->handle()
#21 /media/cejota/9AF06BD5F06BB663/agroecologia/sistema-de-gestao-agricola/vendor/laravel/framework/src/Illuminate/Pipeline/Pipeline.php(103): Illuminate\\Pipeline\\Pipeline->Illuminate\\Pipeline\\{closure}()
#22 /media/cejota/9AF06BD5F06BB663/agroecologia/sistema-de-gestao-agricola/vendor/laravel/framework/src/Illuminate/Routing/Router.php(693): Illuminate\\Pipeline\\Pipeline->then()
#23 /media/cejota/9AF06BD5F06BB663/agroecologia/sistema-de-gestao-agricola/vendor/laravel/framework/src/Illuminate/Routing/Router.php(668): Illuminate\\Routing\\Router->runRouteWithinStack()
#24 /media/cejota/9AF06BD5F06BB663/agroecologia/sistema-de-gestao-agricola/vendor/laravel/framework/src/Illuminate/Routing/Router.php(634): Illuminate\\Routing\\Router->runRoute()
#25 /media/cejota/9AF06BD5F06BB663/agroecologia/sistema-de-gestao-agricola/vendor/laravel/framework/src/Illuminate/Routing/Router.php(623): Illuminate\\Routing\\Router->dispatchToRoute()
#26 /media/cejota/9AF06BD5F06BB663/agroecologia/sistema-de-gestao-agricola/vendor/laravel/framework/src/Illuminate/Foundation/Http/Kernel.php(166): Illuminate\\Routing\\Router->dispatch()
#27 /media/cejota/9AF06BD5F06BB663/agroecologia/sistema-de-gestao-agricola/vendor/laravel/framework/src/Illuminate/Pipeline/Pipeline.php(128): Illuminate\\Foundation\\Http\\Kernel->Illuminate\\Foundation\\Http\\{closure}()
#28 /media/cejota/9AF06BD5F06BB663/agroecologia/sistema-de-gestao-agricola/vendor/laravel/framework/src/Illuminate/Foundation/Http/Middleware/TransformsRequest.php(21): Illuminate\\Pipeline\\Pipeline->Illuminate\\Pipeline\\{closure}()
#29 /media/cejota/9AF06BD5F06BB663/agroecologia/sistema-de-gestao-agricola/vendor/laravel/framework/src/Illuminate/Pipeline/Pipeline.php(167): Illuminate\\Foundation\\Http\\Middleware\\TransformsRequest->handle()
#30 /media/cejota/9AF06BD5F06BB663/agroecologia/sistema-de-gestao-agricola/vendor/laravel/framework/src/Illuminate/Foundation/Http/Middleware/TransformsRequest.php(21): Illuminate\\Pipeline\\Pipeline->Illuminate\\Pipeline\\{closure}()
#31 /media/cejota/9AF06BD5F06BB663/agroecologia/sistema-de-gestao-agricola/vendor/laravel/framework/src/Illuminate/Pipeline/Pipeline.php(167): Illuminate\\Foundation\\Http\\Middleware\\TransformsRequest->handle()
#32 /media/cejota/9AF06BD5F06BB663/agroecologia/sistema-de-gestao-agricola/vendor/laravel/framework/src/Illuminate/Foundation/Http/Middleware/ValidatePostSize.php(27): Illuminate\\Pipeline\\Pipeline->Illuminate\\Pipeline\\{closure}()
#33 /media/cejota/9AF06BD5F06BB663/agroecologia/sistema-de-gestao-agricola/vendor/laravel/framework/src/Illuminate/Pipeline/Pipeline.php(167): Illuminate\\Foundation\\Http\\Middleware\\ValidatePostSize->handle()
#34 /media/cejota/9AF06BD5F06BB663/agroecologia/sistema-de-gestao-agricola/vendor/laravel/framework/src/Illuminate/Foundation/Http/Middleware/PreventRequestsDuringMaintenance.php(87): Illuminate\\Pipeline\\Pipeline->Illuminate\\Pipeline\\{closure}()
#35 /media/cejota/9AF06BD5F06BB663/agroecologia/sistema-de-gestao-agricola/vendor/laravel/framework/src/Illuminate/Pipeline/Pipeline.php(167): Illuminate\\Foundation\\Http\\Middleware\\PreventRequestsDuringMaintenance->handle()
#36 /media/cejota/9AF06BD5F06BB663/agroecologia/sistema-de-gestao-agricola/vendor/fruitcake/laravel-cors/src/HandleCors.php(37): Illuminate\\Pipeline\\Pipeline->Illuminate\\Pipeline\\{closure}()
#37 /media/cejota/9AF06BD5F06BB663/agroecologia/sistema-de-gestao-agricola/vendor/laravel/framework/src/Illuminate/Pipeline/Pipeline.php(167): Fruitcake\\Cors\\HandleCors->handle()
#38 /media/cejota/9AF06BD5F06BB663/agroecologia/sistema-de-gestao-agricola/vendor/fideloper/proxy/src/TrustProxies.php(57): Illuminate\\Pipeline\\Pipeline->Illuminate\\Pipeline\\{closure}()
#39 /media/cejota/9AF06BD5F06BB663/agroecologia/sistema-de-gestao-agricola/vendor/laravel/framework/src/Illuminate/Pipeline/Pipeline.php(167): Fideloper\\Proxy\\TrustProxies->handle()
#40 /media/cejota/9AF06BD5F06BB663/agroecologia/sistema-de-gestao-agricola/vendor/laravel/framework/src/Illuminate/Pipeline/Pipeline.php(103): Illuminate\\Pipeline\\Pipeline->Illuminate\\Pipeline\\{closure}()
#41 /media/cejota/9AF06BD5F06BB663/agroecologia/sistema-de-gestao-agricola/vendor/laravel/framework/src/Illuminate/Foundation/Http/Kernel.php(141): Illuminate\\Pipeline\\Pipeline->then()
#42 /media/cejota/9AF06BD5F06BB663/agroecologia/sistema-de-gestao-agricola/vendor/laravel/framework/src/Illuminate/Foundation/Http/Kernel.php(110): Illuminate\\Foundation\\Http\\Kernel->sendRequestThroughRouter()
#43 /media/cejota/9AF06BD5F06BB663/agroecologia/sistema-de-gestao-agricola/public/index.php(52): Illuminate\\Foundation\\Http\\Kernel->handle()
#44 /media/cejota/9AF06BD5F06BB663/agroecologia/sistema-de-gestao-agricola/server.php(21): require_once('/media/cejota/9...')
#45 {main}
"} 
[2020-11-17 02:12:07] local.ERROR: file_put_contents(D:\agroecologia\sistema-de-gestao-agricola\storage\framework/sessions/recH1Dpll8AFowSFwyhMqpyWEQibOmPGSFKe6E1E): failed to open stream: No such file or directory {"exception":"[object] (ErrorException(code: 0): file_put_contents(D:\\agroecologia\\sistema-de-gestao-agricola\\storage\\framework/sessions/recH1Dpll8AFowSFwyhMqpyWEQibOmPGSFKe6E1E): failed to open stream: No such file or directory at /media/cejota/9AF06BD5F06BB663/agroecologia/sistema-de-gestao-agricola/vendor/laravel/framework/src/Illuminate/Filesystem/Filesystem.php:185)
[stacktrace]
#0 [internal function]: Illuminate\\Foundation\\Bootstrap\\HandleExceptions->handleError()
#1 /media/cejota/9AF06BD5F06BB663/agroecologia/sistema-de-gestao-agricola/vendor/laravel/framework/src/Illuminate/Filesystem/Filesystem.php(185): file_put_contents()
#2 /media/cejota/9AF06BD5F06BB663/agroecologia/sistema-de-gestao-agricola/vendor/laravel/framework/src/Illuminate/Session/FileSessionHandler.php(83): Illuminate\\Filesystem\\Filesystem->put()
#3 /media/cejota/9AF06BD5F06BB663/agroecologia/sistema-de-gestao-agricola/vendor/laravel/framework/src/Illuminate/Session/Store.php(129): Illuminate\\Session\\FileSessionHandler->write()
#4 /media/cejota/9AF06BD5F06BB663/agroecologia/sistema-de-gestao-agricola/vendor/laravel/framework/src/Illuminate/Session/Middleware/StartSession.php(236): Illuminate\\Session\\Store->save()
#5 /media/cejota/9AF06BD5F06BB663/agroecologia/sistema-de-gestao-agricola/vendor/laravel/framework/src/Illuminate/Session/Middleware/StartSession.php(130): Illuminate\\Session\\Middleware\\StartSession->saveSession()
#6 /media/cejota/9AF06BD5F06BB663/agroecologia/sistema-de-gestao-agricola/vendor/laravel/framework/src/Illuminate/Session/Middleware/StartSession.php(63): Illuminate\\Session\\Middleware\\StartSession->handleStatefulRequest()
#7 /media/cejota/9AF06BD5F06BB663/agroecologia/sistema-de-gestao-agricola/vendor/laravel/framework/src/Illuminate/Pipeline/Pipeline.php(167): Illuminate\\Session\\Middleware\\StartSession->handle()
#8 /media/cejota/9AF06BD5F06BB663/agroecologia/sistema-de-gestao-agricola/vendor/laravel/framework/src/Illuminate/Cookie/Middleware/AddQueuedCookiesToResponse.php(37): Illuminate\\Pipeline\\Pipeline->Illuminate\\Pipeline\\{closure}()
#9 /media/cejota/9AF06BD5F06BB663/agroecologia/sistema-de-gestao-agricola/vendor/laravel/framework/src/Illuminate/Pipeline/Pipeline.php(167): Illuminate\\Cookie\\Middleware\\AddQueuedCookiesToResponse->handle()
#10 /media/cejota/9AF06BD5F06BB663/agroecologia/sistema-de-gestao-agricola/vendor/laravel/framework/src/Illuminate/Cookie/Middleware/EncryptCookies.php(67): Illuminate\\Pipeline\\Pipeline->Illuminate\\Pipeline\\{closure}()
#11 /media/cejota/9AF06BD5F06BB663/agroecologia/sistema-de-gestao-agricola/vendor/laravel/framework/src/Illuminate/Pipeline/Pipeline.php(167): Illuminate\\Cookie\\Middleware\\EncryptCookies->handle()
#12 /media/cejota/9AF06BD5F06BB663/agroecologia/sistema-de-gestao-agricola/vendor/laravel/framework/src/Illuminate/Pipeline/Pipeline.php(103): Illuminate\\Pipeline\\Pipeline->Illuminate\\Pipeline\\{closure}()
#13 /media/cejota/9AF06BD5F06BB663/agroecologia/sistema-de-gestao-agricola/vendor/laravel/framework/src/Illuminate/Routing/Router.php(693): Illuminate\\Pipeline\\Pipeline->then()
#14 /media/cejota/9AF06BD5F06BB663/agroecologia/sistema-de-gestao-agricola/vendor/laravel/framework/src/Illuminate/Routing/Router.php(668): Illuminate\\Routing\\Router->runRouteWithinStack()
#15 /media/cejota/9AF06BD5F06BB663/agroecologia/sistema-de-gestao-agricola/vendor/laravel/framework/src/Illuminate/Routing/Router.php(634): Illuminate\\Routing\\Router->runRoute()
#16 /media/cejota/9AF06BD5F06BB663/agroecologia/sistema-de-gestao-agricola/vendor/laravel/framework/src/Illuminate/Routing/Router.php(623): Illuminate\\Routing\\Router->dispatchToRoute()
#17 /media/cejota/9AF06BD5F06BB663/agroecologia/sistema-de-gestao-agricola/vendor/laravel/framework/src/Illuminate/Foundation/Http/Kernel.php(166): Illuminate\\Routing\\Router->dispatch()
#18 /media/cejota/9AF06BD5F06BB663/agroecologia/sistema-de-gestao-agricola/vendor/laravel/framework/src/Illuminate/Pipeline/Pipeline.php(128): Illuminate\\Foundation\\Http\\Kernel->Illuminate\\Foundation\\Http\\{closure}()
#19 /media/cejota/9AF06BD5F06BB663/agroecologia/sistema-de-gestao-agricola/vendor/laravel/framework/src/Illuminate/Foundation/Http/Middleware/TransformsRequest.php(21): Illuminate\\Pipeline\\Pipeline->Illuminate\\Pipeline\\{closure}()
#20 /media/cejota/9AF06BD5F06BB663/agroecologia/sistema-de-gestao-agricola/vendor/laravel/framework/src/Illuminate/Pipeline/Pipeline.php(167): Illuminate\\Foundation\\Http\\Middleware\\TransformsRequest->handle()
#21 /media/cejota/9AF06BD5F06BB663/agroecologia/sistema-de-gestao-agricola/vendor/laravel/framework/src/Illuminate/Foundation/Http/Middleware/TransformsRequest.php(21): Illuminate\\Pipeline\\Pipeline->Illuminate\\Pipeline\\{closure}()
#22 /media/cejota/9AF06BD5F06BB663/agroecologia/sistema-de-gestao-agricola/vendor/laravel/framework/src/Illuminate/Pipeline/Pipeline.php(167): Illuminate\\Foundation\\Http\\Middleware\\TransformsRequest->handle()
#23 /media/cejota/9AF06BD5F06BB663/agroecologia/sistema-de-gestao-agricola/vendor/laravel/framework/src/Illuminate/Foundation/Http/Middleware/ValidatePostSize.php(27): Illuminate\\Pipeline\\Pipeline->Illuminate\\Pipeline\\{closure}()
#24 /media/cejota/9AF06BD5F06BB663/agroecologia/sistema-de-gestao-agricola/vendor/laravel/framework/src/Illuminate/Pipeline/Pipeline.php(167): Illuminate\\Foundation\\Http\\Middleware\\ValidatePostSize->handle()
#25 /media/cejota/9AF06BD5F06BB663/agroecologia/sistema-de-gestao-agricola/vendor/laravel/framework/src/Illuminate/Foundation/Http/Middleware/PreventRequestsDuringMaintenance.php(87): Illuminate\\Pipeline\\Pipeline->Illuminate\\Pipeline\\{closure}()
#26 /media/cejota/9AF06BD5F06BB663/agroecologia/sistema-de-gestao-agricola/vendor/laravel/framework/src/Illuminate/Pipeline/Pipeline.php(167): Illuminate\\Foundation\\Http\\Middleware\\PreventRequestsDuringMaintenance->handle()
#27 /media/cejota/9AF06BD5F06BB663/agroecologia/sistema-de-gestao-agricola/vendor/fruitcake/laravel-cors/src/HandleCors.php(37): Illuminate\\Pipeline\\Pipeline->Illuminate\\Pipeline\\{closure}()
#28 /media/cejota/9AF06BD5F06BB663/agroecologia/sistema-de-gestao-agricola/vendor/laravel/framework/src/Illuminate/Pipeline/Pipeline.php(167): Fruitcake\\Cors\\HandleCors->handle()
#29 /media/cejota/9AF06BD5F06BB663/agroecologia/sistema-de-gestao-agricola/vendor/fideloper/proxy/src/TrustProxies.php(57): Illuminate\\Pipeline\\Pipeline->Illuminate\\Pipeline\\{closure}()
#30 /media/cejota/9AF06BD5F06BB663/agroecologia/sistema-de-gestao-agricola/vendor/laravel/framework/src/Illuminate/Pipeline/Pipeline.php(167): Fideloper\\Proxy\\TrustProxies->handle()
#31 /media/cejota/9AF06BD5F06BB663/agroecologia/sistema-de-gestao-agricola/vendor/laravel/framework/src/Illuminate/Pipeline/Pipeline.php(103): Illuminate\\Pipeline\\Pipeline->Illuminate\\Pipeline\\{closure}()
#32 /media/cejota/9AF06BD5F06BB663/agroecologia/sistema-de-gestao-agricola/vendor/laravel/framework/src/Illuminate/Foundation/Http/Kernel.php(141): Illuminate\\Pipeline\\Pipeline->then()
#33 /media/cejota/9AF06BD5F06BB663/agroecologia/sistema-de-gestao-agricola/vendor/laravel/framework/src/Illuminate/Foundation/Http/Kernel.php(110): Illuminate\\Foundation\\Http\\Kernel->sendRequestThroughRouter()
#34 /media/cejota/9AF06BD5F06BB663/agroecologia/sistema-de-gestao-agricola/public/index.php(52): Illuminate\\Foundation\\Http\\Kernel->handle()
#35 /media/cejota/9AF06BD5F06BB663/agroecologia/sistema-de-gestao-agricola/server.php(21): require_once('/media/cejota/9...')
#36 {main}
"} 
[2020-11-17 02:12:08] local.ERROR: file_put_contents(D:\agroecologia\sistema-de-gestao-agricola\storage\framework\views/f3e44447b649ae8126d067f34d37d8765b14c1dc.php): failed to open stream: No such file or directory {"exception":"[object] (ErrorException(code: 0): file_put_contents(D:\\agroecologia\\sistema-de-gestao-agricola\\storage\\framework\\views/f3e44447b649ae8126d067f34d37d8765b14c1dc.php): failed to open stream: No such file or directory at /media/cejota/9AF06BD5F06BB663/agroecologia/sistema-de-gestao-agricola/vendor/laravel/framework/src/Illuminate/Filesystem/Filesystem.php:185)
[stacktrace]
#0 [internal function]: Illuminate\\Foundation\\Bootstrap\\HandleExceptions->handleError()
#1 /media/cejota/9AF06BD5F06BB663/agroecologia/sistema-de-gestao-agricola/vendor/laravel/framework/src/Illuminate/Filesystem/Filesystem.php(185): file_put_contents()
#2 /media/cejota/9AF06BD5F06BB663/agroecologia/sistema-de-gestao-agricola/vendor/laravel/framework/src/Illuminate/View/Compilers/BladeCompiler.php(157): Illuminate\\Filesystem\\Filesystem->put()
#3 /media/cejota/9AF06BD5F06BB663/agroecologia/sistema-de-gestao-agricola/vendor/laravel/framework/src/Illuminate/View/Engines/CompilerEngine.php(55): Illuminate\\View\\Compilers\\BladeCompiler->compile()
#4 /media/cejota/9AF06BD5F06BB663/agroecologia/sistema-de-gestao-agricola/vendor/facade/ignition/src/Views/Engines/CompilerEngine.php(37): Illuminate\\View\\Engines\\CompilerEngine->get()
#5 /media/cejota/9AF06BD5F06BB663/agroecologia/sistema-de-gestao-agricola/vendor/laravel/framework/src/Illuminate/View/View.php(139): Facade\\Ignition\\Views\\Engines\\CompilerEngine->get()
#6 /media/cejota/9AF06BD5F06BB663/agroecologia/sistema-de-gestao-agricola/vendor/laravel/framework/src/Illuminate/View/View.php(122): Illuminate\\View\\View->getContents()
#7 /media/cejota/9AF06BD5F06BB663/agroecologia/sistema-de-gestao-agricola/vendor/laravel/framework/src/Illuminate/View/View.php(91): Illuminate\\View\\View->renderContents()
#8 /media/cejota/9AF06BD5F06BB663/agroecologia/sistema-de-gestao-agricola/vendor/laravel/framework/src/Illuminate/Http/Response.php(62): Illuminate\\View\\View->render()
#9 /media/cejota/9AF06BD5F06BB663/agroecologia/sistema-de-gestao-agricola/vendor/laravel/framework/src/Illuminate/Http/Response.php(34): Illuminate\\Http\\Response->setContent()
#10 /media/cejota/9AF06BD5F06BB663/agroecologia/sistema-de-gestao-agricola/vendor/laravel/framework/src/Illuminate/Routing/ResponseFactory.php(55): Illuminate\\Http\\Response->__construct()
#11 /media/cejota/9AF06BD5F06BB663/agroecologia/sistema-de-gestao-agricola/vendor/laravel/framework/src/Illuminate/Routing/ResponseFactory.php(85): Illuminate\\Routing\\ResponseFactory->make()
#12 /media/cejota/9AF06BD5F06BB663/agroecologia/sistema-de-gestao-agricola/vendor/laravel/framework/src/Illuminate/Foundation/Exceptions/Handler.php(551): Illuminate\\Routing\\ResponseFactory->view()
#13 /media/cejota/9AF06BD5F06BB663/agroecologia/sistema-de-gestao-agricola/vendor/laravel/framework/src/Illuminate/Foundation/Exceptions/Handler.php(456): Illuminate\\Foundation\\Exceptions\\Handler->renderHttpException()
#14 /media/cejota/9AF06BD5F06BB663/agroecologia/sistema-de-gestao-agricola/vendor/laravel/framework/src/Illuminate/Foundation/Exceptions/Handler.php(336): Illuminate\\Foundation\\Exceptions\\Handler->prepareResponse()
#15 /media/cejota/9AF06BD5F06BB663/agroecologia/sistema-de-gestao-agricola/vendor/laravel/framework/src/Illuminate/Routing/Pipeline.php(51): Illuminate\\Foundation\\Exceptions\\Handler->render()
#16 /media/cejota/9AF06BD5F06BB663/agroecologia/sistema-de-gestao-agricola/vendor/laravel/framework/src/Illuminate/Pipeline/Pipeline.php(130): Illuminate\\Routing\\Pipeline->handleException()
#17 /media/cejota/9AF06BD5F06BB663/agroecologia/sistema-de-gestao-agricola/vendor/laravel/framework/src/Illuminate/Foundation/Http/Middleware/TransformsRequest.php(21): Illuminate\\Pipeline\\Pipeline->Illuminate\\Pipeline\\{closure}()
#18 /media/cejota/9AF06BD5F06BB663/agroecologia/sistema-de-gestao-agricola/vendor/laravel/framework/src/Illuminate/Pipeline/Pipeline.php(167): Illuminate\\Foundation\\Http\\Middleware\\TransformsRequest->handle()
#19 /media/cejota/9AF06BD5F06BB663/agroecologia/sistema-de-gestao-agricola/vendor/laravel/framework/src/Illuminate/Foundation/Http/Middleware/TransformsRequest.php(21): Illuminate\\Pipeline\\Pipeline->Illuminate\\Pipeline\\{closure}()
#20 /media/cejota/9AF06BD5F06BB663/agroecologia/sistema-de-gestao-agricola/vendor/laravel/framework/src/Illuminate/Pipeline/Pipeline.php(167): Illuminate\\Foundation\\Http\\Middleware\\TransformsRequest->handle()
#21 /media/cejota/9AF06BD5F06BB663/agroecologia/sistema-de-gestao-agricola/vendor/laravel/framework/src/Illuminate/Foundation/Http/Middleware/ValidatePostSize.php(27): Illuminate\\Pipeline\\Pipeline->Illuminate\\Pipeline\\{closure}()
#22 /media/cejota/9AF06BD5F06BB663/agroecologia/sistema-de-gestao-agricola/vendor/laravel/framework/src/Illuminate/Pipeline/Pipeline.php(167): Illuminate\\Foundation\\Http\\Middleware\\ValidatePostSize->handle()
#23 /media/cejota/9AF06BD5F06BB663/agroecologia/sistema-de-gestao-agricola/vendor/laravel/framework/src/Illuminate/Foundation/Http/Middleware/PreventRequestsDuringMaintenance.php(87): Illuminate\\Pipeline\\Pipeline->Illuminate\\Pipeline\\{closure}()
#24 /media/cejota/9AF06BD5F06BB663/agroecologia/sistema-de-gestao-agricola/vendor/laravel/framework/src/Illuminate/Pipeline/Pipeline.php(167): Illuminate\\Foundation\\Http\\Middleware\\PreventRequestsDuringMaintenance->handle()
#25 /media/cejota/9AF06BD5F06BB663/agroecologia/sistema-de-gestao-agricola/vendor/fruitcake/laravel-cors/src/HandleCors.php(37): Illuminate\\Pipeline\\Pipeline->Illuminate\\Pipeline\\{closure}()
#26 /media/cejota/9AF06BD5F06BB663/agroecologia/sistema-de-gestao-agricola/vendor/laravel/framework/src/Illuminate/Pipeline/Pipeline.php(167): Fruitcake\\Cors\\HandleCors->handle()
#27 /media/cejota/9AF06BD5F06BB663/agroecologia/sistema-de-gestao-agricola/vendor/fideloper/proxy/src/TrustProxies.php(57): Illuminate\\Pipeline\\Pipeline->Illuminate\\Pipeline\\{closure}()
#28 /media/cejota/9AF06BD5F06BB663/agroecologia/sistema-de-gestao-agricola/vendor/laravel/framework/src/Illuminate/Pipeline/Pipeline.php(167): Fideloper\\Proxy\\TrustProxies->handle()
#29 /media/cejota/9AF06BD5F06BB663/agroecologia/sistema-de-gestao-agricola/vendor/laravel/framework/src/Illuminate/Pipeline/Pipeline.php(103): Illuminate\\Pipeline\\Pipeline->Illuminate\\Pipeline\\{closure}()
#30 /media/cejota/9AF06BD5F06BB663/agroecologia/sistema-de-gestao-agricola/vendor/laravel/framework/src/Illuminate/Foundation/Http/Kernel.php(141): Illuminate\\Pipeline\\Pipeline->then()
#31 /media/cejota/9AF06BD5F06BB663/agroecologia/sistema-de-gestao-agricola/vendor/laravel/framework/src/Illuminate/Foundation/Http/Kernel.php(110): Illuminate\\Foundation\\Http\\Kernel->sendRequestThroughRouter()
#32 /media/cejota/9AF06BD5F06BB663/agroecologia/sistema-de-gestao-agricola/public/index.php(52): Illuminate\\Foundation\\Http\\Kernel->handle()
#33 /media/cejota/9AF06BD5F06BB663/agroecologia/sistema-de-gestao-agricola/server.php(21): require_once('/media/cejota/9...')
#34 {main}
"} 
[2020-11-17 02:12:30] local.ERROR: View [auth.login] not found. {"exception":"[object] (InvalidArgumentException(code: 0): View [auth.login] not found. at /media/cejota/9AF06BD5F06BB663/agroecologia/sistema-de-gestao-agricola/vendor/laravel/framework/src/Illuminate/View/FileViewFinder.php:137)
[stacktrace]
#0 /media/cejota/9AF06BD5F06BB663/agroecologia/sistema-de-gestao-agricola/vendor/laravel/framework/src/Illuminate/View/FileViewFinder.php(79): Illuminate\\View\\FileViewFinder->findInPaths()
#1 /media/cejota/9AF06BD5F06BB663/agroecologia/sistema-de-gestao-agricola/vendor/laravel/framework/src/Illuminate/View/Factory.php(138): Illuminate\\View\\FileViewFinder->find()
#2 /media/cejota/9AF06BD5F06BB663/agroecologia/sistema-de-gestao-agricola/vendor/laravel/framework/src/Illuminate/Foundation/helpers.php(897): Illuminate\\View\\Factory->make()
#3 /media/cejota/9AF06BD5F06BB663/agroecologia/sistema-de-gestao-agricola/vendor/laravel/ui/auth-backend/AuthenticatesUsers.php(21): view()
#4 /media/cejota/9AF06BD5F06BB663/agroecologia/sistema-de-gestao-agricola/vendor/laravel/framework/src/Illuminate/Routing/Controller.php(54): App\\Http\\Controllers\\Auth\\LoginController->showLoginForm()
#5 /media/cejota/9AF06BD5F06BB663/agroecologia/sistema-de-gestao-agricola/vendor/laravel/framework/src/Illuminate/Routing/ControllerDispatcher.php(45): Illuminate\\Routing\\Controller->callAction()
#6 /media/cejota/9AF06BD5F06BB663/agroecologia/sistema-de-gestao-agricola/vendor/laravel/framework/src/Illuminate/Routing/Route.php(255): Illuminate\\Routing\\ControllerDispatcher->dispatch()
#7 /media/cejota/9AF06BD5F06BB663/agroecologia/sistema-de-gestao-agricola/vendor/laravel/framework/src/Illuminate/Routing/Route.php(197): Illuminate\\Routing\\Route->runController()
#8 /media/cejota/9AF06BD5F06BB663/agroecologia/sistema-de-gestao-agricola/vendor/laravel/framework/src/Illuminate/Routing/Router.php(691): Illuminate\\Routing\\Route->run()
#9 /media/cejota/9AF06BD5F06BB663/agroecologia/sistema-de-gestao-agricola/vendor/laravel/framework/src/Illuminate/Pipeline/Pipeline.php(128): Illuminate\\Routing\\Router->Illuminate\\Routing\\{closure}()
#10 /media/cejota/9AF06BD5F06BB663/agroecologia/sistema-de-gestao-agricola/app/Http/Middleware/RedirectIfAuthenticated.php(29): Illuminate\\Pipeline\\Pipeline->Illuminate\\Pipeline\\{closure}()
#11 /media/cejota/9AF06BD5F06BB663/agroecologia/sistema-de-gestao-agricola/vendor/laravel/framework/src/Illuminate/Pipeline/Pipeline.php(167): App\\Http\\Middleware\\RedirectIfAuthenticated->handle()
#12 /media/cejota/9AF06BD5F06BB663/agroecologia/sistema-de-gestao-agricola/vendor/laravel/framework/src/Illuminate/Routing/Middleware/SubstituteBindings.php(41): Illuminate\\Pipeline\\Pipeline->Illuminate\\Pipeline\\{closure}()
#13 /media/cejota/9AF06BD5F06BB663/agroecologia/sistema-de-gestao-agricola/vendor/laravel/framework/src/Illuminate/Pipeline/Pipeline.php(167): Illuminate\\Routing\\Middleware\\SubstituteBindings->handle()
#14 /media/cejota/9AF06BD5F06BB663/agroecologia/sistema-de-gestao-agricola/vendor/laravel/framework/src/Illuminate/Foundation/Http/Middleware/VerifyCsrfToken.php(77): Illuminate\\Pipeline\\Pipeline->Illuminate\\Pipeline\\{closure}()
#15 /media/cejota/9AF06BD5F06BB663/agroecologia/sistema-de-gestao-agricola/vendor/laravel/framework/src/Illuminate/Pipeline/Pipeline.php(167): Illuminate\\Foundation\\Http\\Middleware\\VerifyCsrfToken->handle()
#16 /media/cejota/9AF06BD5F06BB663/agroecologia/sistema-de-gestao-agricola/vendor/laravel/framework/src/Illuminate/View/Middleware/ShareErrorsFromSession.php(49): Illuminate\\Pipeline\\Pipeline->Illuminate\\Pipeline\\{closure}()
#17 /media/cejota/9AF06BD5F06BB663/agroecologia/sistema-de-gestao-agricola/vendor/laravel/framework/src/Illuminate/Pipeline/Pipeline.php(167): Illuminate\\View\\Middleware\\ShareErrorsFromSession->handle()
#18 /media/cejota/9AF06BD5F06BB663/agroecologia/sistema-de-gestao-agricola/vendor/laravel/framework/src/Illuminate/Session/Middleware/StartSession.php(121): Illuminate\\Pipeline\\Pipeline->Illuminate\\Pipeline\\{closure}()
#19 /media/cejota/9AF06BD5F06BB663/agroecologia/sistema-de-gestao-agricola/vendor/laravel/framework/src/Illuminate/Session/Middleware/StartSession.php(63): Illuminate\\Session\\Middleware\\StartSession->handleStatefulRequest()
#20 /media/cejota/9AF06BD5F06BB663/agroecologia/sistema-de-gestao-agricola/vendor/laravel/framework/src/Illuminate/Pipeline/Pipeline.php(167): Illuminate\\Session\\Middleware\\StartSession->handle()
#21 /media/cejota/9AF06BD5F06BB663/agroecologia/sistema-de-gestao-agricola/vendor/laravel/framework/src/Illuminate/Cookie/Middleware/AddQueuedCookiesToResponse.php(37): Illuminate\\Pipeline\\Pipeline->Illuminate\\Pipeline\\{closure}()
#22 /media/cejota/9AF06BD5F06BB663/agroecologia/sistema-de-gestao-agricola/vendor/laravel/framework/src/Illuminate/Pipeline/Pipeline.php(167): Illuminate\\Cookie\\Middleware\\AddQueuedCookiesToResponse->handle()
#23 /media/cejota/9AF06BD5F06BB663/agroecologia/sistema-de-gestao-agricola/vendor/laravel/framework/src/Illuminate/Cookie/Middleware/EncryptCookies.php(67): Illuminate\\Pipeline\\Pipeline->Illuminate\\Pipeline\\{closure}()
#24 /media/cejota/9AF06BD5F06BB663/agroecologia/sistema-de-gestao-agricola/vendor/laravel/framework/src/Illuminate/Pipeline/Pipeline.php(167): Illuminate\\Cookie\\Middleware\\EncryptCookies->handle()
#25 /media/cejota/9AF06BD5F06BB663/agroecologia/sistema-de-gestao-agricola/vendor/laravel/framework/src/Illuminate/Pipeline/Pipeline.php(103): Illuminate\\Pipeline\\Pipeline->Illuminate\\Pipeline\\{closure}()
#26 /media/cejota/9AF06BD5F06BB663/agroecologia/sistema-de-gestao-agricola/vendor/laravel/framework/src/Illuminate/Routing/Router.php(693): Illuminate\\Pipeline\\Pipeline->then()
#27 /media/cejota/9AF06BD5F06BB663/agroecologia/sistema-de-gestao-agricola/vendor/laravel/framework/src/Illuminate/Routing/Router.php(668): Illuminate\\Routing\\Router->runRouteWithinStack()
#28 /media/cejota/9AF06BD5F06BB663/agroecologia/sistema-de-gestao-agricola/vendor/laravel/framework/src/Illuminate/Routing/Router.php(634): Illuminate\\Routing\\Router->runRoute()
#29 /media/cejota/9AF06BD5F06BB663/agroecologia/sistema-de-gestao-agricola/vendor/laravel/framework/src/Illuminate/Routing/Router.php(623): Illuminate\\Routing\\Router->dispatchToRoute()
#30 /media/cejota/9AF06BD5F06BB663/agroecologia/sistema-de-gestao-agricola/vendor/laravel/framework/src/Illuminate/Foundation/Http/Kernel.php(166): Illuminate\\Routing\\Router->dispatch()
#31 /media/cejota/9AF06BD5F06BB663/agroecologia/sistema-de-gestao-agricola/vendor/laravel/framework/src/Illuminate/Pipeline/Pipeline.php(128): Illuminate\\Foundation\\Http\\Kernel->Illuminate\\Foundation\\Http\\{closure}()
#32 /media/cejota/9AF06BD5F06BB663/agroecologia/sistema-de-gestao-agricola/vendor/laravel/framework/src/Illuminate/Foundation/Http/Middleware/TransformsRequest.php(21): Illuminate\\Pipeline\\Pipeline->Illuminate\\Pipeline\\{closure}()
#33 /media/cejota/9AF06BD5F06BB663/agroecologia/sistema-de-gestao-agricola/vendor/laravel/framework/src/Illuminate/Pipeline/Pipeline.php(167): Illuminate\\Foundation\\Http\\Middleware\\TransformsRequest->handle()
#34 /media/cejota/9AF06BD5F06BB663/agroecologia/sistema-de-gestao-agricola/vendor/laravel/framework/src/Illuminate/Foundation/Http/Middleware/TransformsRequest.php(21): Illuminate\\Pipeline\\Pipeline->Illuminate\\Pipeline\\{closure}()
#35 /media/cejota/9AF06BD5F06BB663/agroecologia/sistema-de-gestao-agricola/vendor/laravel/framework/src/Illuminate/Pipeline/Pipeline.php(167): Illuminate\\Foundation\\Http\\Middleware\\TransformsRequest->handle()
#36 /media/cejota/9AF06BD5F06BB663/agroecologia/sistema-de-gestao-agricola/vendor/laravel/framework/src/Illuminate/Foundation/Http/Middleware/ValidatePostSize.php(27): Illuminate\\Pipeline\\Pipeline->Illuminate\\Pipeline\\{closure}()
#37 /media/cejota/9AF06BD5F06BB663/agroecologia/sistema-de-gestao-agricola/vendor/laravel/framework/src/Illuminate/Pipeline/Pipeline.php(167): Illuminate\\Foundation\\Http\\Middleware\\ValidatePostSize->handle()
#38 /media/cejota/9AF06BD5F06BB663/agroecologia/sistema-de-gestao-agricola/vendor/laravel/framework/src/Illuminate/Foundation/Http/Middleware/PreventRequestsDuringMaintenance.php(87): Illuminate\\Pipeline\\Pipeline->Illuminate\\Pipeline\\{closure}()
#39 /media/cejota/9AF06BD5F06BB663/agroecologia/sistema-de-gestao-agricola/vendor/laravel/framework/src/Illuminate/Pipeline/Pipeline.php(167): Illuminate\\Foundation\\Http\\Middleware\\PreventRequestsDuringMaintenance->handle()
#40 /media/cejota/9AF06BD5F06BB663/agroecologia/sistema-de-gestao-agricola/vendor/fruitcake/laravel-cors/src/HandleCors.php(37): Illuminate\\Pipeline\\Pipeline->Illuminate\\Pipeline\\{closure}()
#41 /media/cejota/9AF06BD5F06BB663/agroecologia/sistema-de-gestao-agricola/vendor/laravel/framework/src/Illuminate/Pipeline/Pipeline.php(167): Fruitcake\\Cors\\HandleCors->handle()
#42 /media/cejota/9AF06BD5F06BB663/agroecologia/sistema-de-gestao-agricola/vendor/fideloper/proxy/src/TrustProxies.php(57): Illuminate\\Pipeline\\Pipeline->Illuminate\\Pipeline\\{closure}()
#43 /media/cejota/9AF06BD5F06BB663/agroecologia/sistema-de-gestao-agricola/vendor/laravel/framework/src/Illuminate/Pipeline/Pipeline.php(167): Fideloper\\Proxy\\TrustProxies->handle()
#44 /media/cejota/9AF06BD5F06BB663/agroecologia/sistema-de-gestao-agricola/vendor/laravel/framework/src/Illuminate/Pipeline/Pipeline.php(103): Illuminate\\Pipeline\\Pipeline->Illuminate\\Pipeline\\{closure}()
#45 /media/cejota/9AF06BD5F06BB663/agroecologia/sistema-de-gestao-agricola/vendor/laravel/framework/src/Illuminate/Foundation/Http/Kernel.php(141): Illuminate\\Pipeline\\Pipeline->then()
#46 /media/cejota/9AF06BD5F06BB663/agroecologia/sistema-de-gestao-agricola/vendor/laravel/framework/src/Illuminate/Foundation/Http/Kernel.php(110): Illuminate\\Foundation\\Http\\Kernel->sendRequestThroughRouter()
#47 /media/cejota/9AF06BD5F06BB663/agroecologia/sistema-de-gestao-agricola/public/index.php(52): Illuminate\\Foundation\\Http\\Kernel->handle()
#48 /media/cejota/9AF06BD5F06BB663/agroecologia/sistema-de-gestao-agricola/server.php(21): require_once('/media/cejota/9...')
#49 {main}
"} 
[2020-11-17 02:12:30] local.ERROR: file_put_contents(D:\agroecologia\sistema-de-gestao-agricola\storage\framework/sessions/qp7TbhK5tW1NtLMJe1IcWYmVzlg2H2C9EOa2g58h): failed to open stream: No such file or directory {"exception":"[object] (ErrorException(code: 0): file_put_contents(D:\\agroecologia\\sistema-de-gestao-agricola\\storage\\framework/sessions/qp7TbhK5tW1NtLMJe1IcWYmVzlg2H2C9EOa2g58h): failed to open stream: No such file or directory at /media/cejota/9AF06BD5F06BB663/agroecologia/sistema-de-gestao-agricola/vendor/laravel/framework/src/Illuminate/Filesystem/Filesystem.php:185)
[stacktrace]
#0 [internal function]: Illuminate\\Foundation\\Bootstrap\\HandleExceptions->handleError()
#1 /media/cejota/9AF06BD5F06BB663/agroecologia/sistema-de-gestao-agricola/vendor/laravel/framework/src/Illuminate/Filesystem/Filesystem.php(185): file_put_contents()
#2 /media/cejota/9AF06BD5F06BB663/agroecologia/sistema-de-gestao-agricola/vendor/laravel/framework/src/Illuminate/Session/FileSessionHandler.php(83): Illuminate\\Filesystem\\Filesystem->put()
#3 /media/cejota/9AF06BD5F06BB663/agroecologia/sistema-de-gestao-agricola/vendor/laravel/framework/src/Illuminate/Session/Store.php(129): Illuminate\\Session\\FileSessionHandler->write()
#4 /media/cejota/9AF06BD5F06BB663/agroecologia/sistema-de-gestao-agricola/vendor/laravel/framework/src/Illuminate/Session/Middleware/StartSession.php(236): Illuminate\\Session\\Store->save()
#5 /media/cejota/9AF06BD5F06BB663/agroecologia/sistema-de-gestao-agricola/vendor/laravel/framework/src/Illuminate/Session/Middleware/StartSession.php(130): Illuminate\\Session\\Middleware\\StartSession->saveSession()
#6 /media/cejota/9AF06BD5F06BB663/agroecologia/sistema-de-gestao-agricola/vendor/laravel/framework/src/Illuminate/Session/Middleware/StartSession.php(63): Illuminate\\Session\\Middleware\\StartSession->handleStatefulRequest()
#7 /media/cejota/9AF06BD5F06BB663/agroecologia/sistema-de-gestao-agricola/vendor/laravel/framework/src/Illuminate/Pipeline/Pipeline.php(167): Illuminate\\Session\\Middleware\\StartSession->handle()
#8 /media/cejota/9AF06BD5F06BB663/agroecologia/sistema-de-gestao-agricola/vendor/laravel/framework/src/Illuminate/Cookie/Middleware/AddQueuedCookiesToResponse.php(37): Illuminate\\Pipeline\\Pipeline->Illuminate\\Pipeline\\{closure}()
#9 /media/cejota/9AF06BD5F06BB663/agroecologia/sistema-de-gestao-agricola/vendor/laravel/framework/src/Illuminate/Pipeline/Pipeline.php(167): Illuminate\\Cookie\\Middleware\\AddQueuedCookiesToResponse->handle()
#10 /media/cejota/9AF06BD5F06BB663/agroecologia/sistema-de-gestao-agricola/vendor/laravel/framework/src/Illuminate/Cookie/Middleware/EncryptCookies.php(67): Illuminate\\Pipeline\\Pipeline->Illuminate\\Pipeline\\{closure}()
#11 /media/cejota/9AF06BD5F06BB663/agroecologia/sistema-de-gestao-agricola/vendor/laravel/framework/src/Illuminate/Pipeline/Pipeline.php(167): Illuminate\\Cookie\\Middleware\\EncryptCookies->handle()
#12 /media/cejota/9AF06BD5F06BB663/agroecologia/sistema-de-gestao-agricola/vendor/laravel/framework/src/Illuminate/Pipeline/Pipeline.php(103): Illuminate\\Pipeline\\Pipeline->Illuminate\\Pipeline\\{closure}()
#13 /media/cejota/9AF06BD5F06BB663/agroecologia/sistema-de-gestao-agricola/vendor/laravel/framework/src/Illuminate/Routing/Router.php(693): Illuminate\\Pipeline\\Pipeline->then()
#14 /media/cejota/9AF06BD5F06BB663/agroecologia/sistema-de-gestao-agricola/vendor/laravel/framework/src/Illuminate/Routing/Router.php(668): Illuminate\\Routing\\Router->runRouteWithinStack()
#15 /media/cejota/9AF06BD5F06BB663/agroecologia/sistema-de-gestao-agricola/vendor/laravel/framework/src/Illuminate/Routing/Router.php(634): Illuminate\\Routing\\Router->runRoute()
#16 /media/cejota/9AF06BD5F06BB663/agroecologia/sistema-de-gestao-agricola/vendor/laravel/framework/src/Illuminate/Routing/Router.php(623): Illuminate\\Routing\\Router->dispatchToRoute()
#17 /media/cejota/9AF06BD5F06BB663/agroecologia/sistema-de-gestao-agricola/vendor/laravel/framework/src/Illuminate/Foundation/Http/Kernel.php(166): Illuminate\\Routing\\Router->dispatch()
#18 /media/cejota/9AF06BD5F06BB663/agroecologia/sistema-de-gestao-agricola/vendor/laravel/framework/src/Illuminate/Pipeline/Pipeline.php(128): Illuminate\\Foundation\\Http\\Kernel->Illuminate\\Foundation\\Http\\{closure}()
#19 /media/cejota/9AF06BD5F06BB663/agroecologia/sistema-de-gestao-agricola/vendor/laravel/framework/src/Illuminate/Foundation/Http/Middleware/TransformsRequest.php(21): Illuminate\\Pipeline\\Pipeline->Illuminate\\Pipeline\\{closure}()
#20 /media/cejota/9AF06BD5F06BB663/agroecologia/sistema-de-gestao-agricola/vendor/laravel/framework/src/Illuminate/Pipeline/Pipeline.php(167): Illuminate\\Foundation\\Http\\Middleware\\TransformsRequest->handle()
#21 /media/cejota/9AF06BD5F06BB663/agroecologia/sistema-de-gestao-agricola/vendor/laravel/framework/src/Illuminate/Foundation/Http/Middleware/TransformsRequest.php(21): Illuminate\\Pipeline\\Pipeline->Illuminate\\Pipeline\\{closure}()
#22 /media/cejota/9AF06BD5F06BB663/agroecologia/sistema-de-gestao-agricola/vendor/laravel/framework/src/Illuminate/Pipeline/Pipeline.php(167): Illuminate\\Foundation\\Http\\Middleware\\TransformsRequest->handle()
#23 /media/cejota/9AF06BD5F06BB663/agroecologia/sistema-de-gestao-agricola/vendor/laravel/framework/src/Illuminate/Foundation/Http/Middleware/ValidatePostSize.php(27): Illuminate\\Pipeline\\Pipeline->Illuminate\\Pipeline\\{closure}()
#24 /media/cejota/9AF06BD5F06BB663/agroecologia/sistema-de-gestao-agricola/vendor/laravel/framework/src/Illuminate/Pipeline/Pipeline.php(167): Illuminate\\Foundation\\Http\\Middleware\\ValidatePostSize->handle()
#25 /media/cejota/9AF06BD5F06BB663/agroecologia/sistema-de-gestao-agricola/vendor/laravel/framework/src/Illuminate/Foundation/Http/Middleware/PreventRequestsDuringMaintenance.php(87): Illuminate\\Pipeline\\Pipeline->Illuminate\\Pipeline\\{closure}()
#26 /media/cejota/9AF06BD5F06BB663/agroecologia/sistema-de-gestao-agricola/vendor/laravel/framework/src/Illuminate/Pipeline/Pipeline.php(167): Illuminate\\Foundation\\Http\\Middleware\\PreventRequestsDuringMaintenance->handle()
#27 /media/cejota/9AF06BD5F06BB663/agroecologia/sistema-de-gestao-agricola/vendor/fruitcake/laravel-cors/src/HandleCors.php(37): Illuminate\\Pipeline\\Pipeline->Illuminate\\Pipeline\\{closure}()
#28 /media/cejota/9AF06BD5F06BB663/agroecologia/sistema-de-gestao-agricola/vendor/laravel/framework/src/Illuminate/Pipeline/Pipeline.php(167): Fruitcake\\Cors\\HandleCors->handle()
#29 /media/cejota/9AF06BD5F06BB663/agroecologia/sistema-de-gestao-agricola/vendor/fideloper/proxy/src/TrustProxies.php(57): Illuminate\\Pipeline\\Pipeline->Illuminate\\Pipeline\\{closure}()
#30 /media/cejota/9AF06BD5F06BB663/agroecologia/sistema-de-gestao-agricola/vendor/laravel/framework/src/Illuminate/Pipeline/Pipeline.php(167): Fideloper\\Proxy\\TrustProxies->handle()
#31 /media/cejota/9AF06BD5F06BB663/agroecologia/sistema-de-gestao-agricola/vendor/laravel/framework/src/Illuminate/Pipeline/Pipeline.php(103): Illuminate\\Pipeline\\Pipeline->Illuminate\\Pipeline\\{closure}()
#32 /media/cejota/9AF06BD5F06BB663/agroecologia/sistema-de-gestao-agricola/vendor/laravel/framework/src/Illuminate/Foundation/Http/Kernel.php(141): Illuminate\\Pipeline\\Pipeline->then()
#33 /media/cejota/9AF06BD5F06BB663/agroecologia/sistema-de-gestao-agricola/vendor/laravel/framework/src/Illuminate/Foundation/Http/Kernel.php(110): Illuminate\\Foundation\\Http\\Kernel->sendRequestThroughRouter()
#34 /media/cejota/9AF06BD5F06BB663/agroecologia/sistema-de-gestao-agricola/public/index.php(52): Illuminate\\Foundation\\Http\\Kernel->handle()
#35 /media/cejota/9AF06BD5F06BB663/agroecologia/sistema-de-gestao-agricola/server.php(21): require_once('/media/cejota/9...')
#36 {main}
"} 
[2020-11-17 02:12:31] local.ERROR: file_put_contents(D:\agroecologia\sistema-de-gestao-agricola\storage\framework\views/f3e44447b649ae8126d067f34d37d8765b14c1dc.php): failed to open stream: No such file or directory {"exception":"[object] (ErrorException(code: 0): file_put_contents(D:\\agroecologia\\sistema-de-gestao-agricola\\storage\\framework\\views/f3e44447b649ae8126d067f34d37d8765b14c1dc.php): failed to open stream: No such file or directory at /media/cejota/9AF06BD5F06BB663/agroecologia/sistema-de-gestao-agricola/vendor/laravel/framework/src/Illuminate/Filesystem/Filesystem.php:185)
[stacktrace]
#0 [internal function]: Illuminate\\Foundation\\Bootstrap\\HandleExceptions->handleError()
#1 /media/cejota/9AF06BD5F06BB663/agroecologia/sistema-de-gestao-agricola/vendor/laravel/framework/src/Illuminate/Filesystem/Filesystem.php(185): file_put_contents()
#2 /media/cejota/9AF06BD5F06BB663/agroecologia/sistema-de-gestao-agricola/vendor/laravel/framework/src/Illuminate/View/Compilers/BladeCompiler.php(157): Illuminate\\Filesystem\\Filesystem->put()
#3 /media/cejota/9AF06BD5F06BB663/agroecologia/sistema-de-gestao-agricola/vendor/laravel/framework/src/Illuminate/View/Engines/CompilerEngine.php(55): Illuminate\\View\\Compilers\\BladeCompiler->compile()
#4 /media/cejota/9AF06BD5F06BB663/agroecologia/sistema-de-gestao-agricola/vendor/facade/ignition/src/Views/Engines/CompilerEngine.php(37): Illuminate\\View\\Engines\\CompilerEngine->get()
#5 /media/cejota/9AF06BD5F06BB663/agroecologia/sistema-de-gestao-agricola/vendor/laravel/framework/src/Illuminate/View/View.php(139): Facade\\Ignition\\Views\\Engines\\CompilerEngine->get()
#6 /media/cejota/9AF06BD5F06BB663/agroecologia/sistema-de-gestao-agricola/vendor/laravel/framework/src/Illuminate/View/View.php(122): Illuminate\\View\\View->getContents()
#7 /media/cejota/9AF06BD5F06BB663/agroecologia/sistema-de-gestao-agricola/vendor/laravel/framework/src/Illuminate/View/View.php(91): Illuminate\\View\\View->renderContents()
#8 /media/cejota/9AF06BD5F06BB663/agroecologia/sistema-de-gestao-agricola/vendor/laravel/framework/src/Illuminate/Http/Response.php(62): Illuminate\\View\\View->render()
#9 /media/cejota/9AF06BD5F06BB663/agroecologia/sistema-de-gestao-agricola/vendor/laravel/framework/src/Illuminate/Http/Response.php(34): Illuminate\\Http\\Response->setContent()
#10 /media/cejota/9AF06BD5F06BB663/agroecologia/sistema-de-gestao-agricola/vendor/laravel/framework/src/Illuminate/Routing/ResponseFactory.php(55): Illuminate\\Http\\Response->__construct()
#11 /media/cejota/9AF06BD5F06BB663/agroecologia/sistema-de-gestao-agricola/vendor/laravel/framework/src/Illuminate/Routing/ResponseFactory.php(85): Illuminate\\Routing\\ResponseFactory->make()
#12 /media/cejota/9AF06BD5F06BB663/agroecologia/sistema-de-gestao-agricola/vendor/laravel/framework/src/Illuminate/Foundation/Exceptions/Handler.php(551): Illuminate\\Routing\\ResponseFactory->view()
#13 /media/cejota/9AF06BD5F06BB663/agroecologia/sistema-de-gestao-agricola/vendor/laravel/framework/src/Illuminate/Foundation/Exceptions/Handler.php(456): Illuminate\\Foundation\\Exceptions\\Handler->renderHttpException()
#14 /media/cejota/9AF06BD5F06BB663/agroecologia/sistema-de-gestao-agricola/vendor/laravel/framework/src/Illuminate/Foundation/Exceptions/Handler.php(336): Illuminate\\Foundation\\Exceptions\\Handler->prepareResponse()
#15 /media/cejota/9AF06BD5F06BB663/agroecologia/sistema-de-gestao-agricola/vendor/laravel/framework/src/Illuminate/Routing/Pipeline.php(51): Illuminate\\Foundation\\Exceptions\\Handler->render()
#16 /media/cejota/9AF06BD5F06BB663/agroecologia/sistema-de-gestao-agricola/vendor/laravel/framework/src/Illuminate/Pipeline/Pipeline.php(130): Illuminate\\Routing\\Pipeline->handleException()
#17 /media/cejota/9AF06BD5F06BB663/agroecologia/sistema-de-gestao-agricola/vendor/laravel/framework/src/Illuminate/Foundation/Http/Middleware/TransformsRequest.php(21): Illuminate\\Pipeline\\Pipeline->Illuminate\\Pipeline\\{closure}()
#18 /media/cejota/9AF06BD5F06BB663/agroecologia/sistema-de-gestao-agricola/vendor/laravel/framework/src/Illuminate/Pipeline/Pipeline.php(167): Illuminate\\Foundation\\Http\\Middleware\\TransformsRequest->handle()
#19 /media/cejota/9AF06BD5F06BB663/agroecologia/sistema-de-gestao-agricola/vendor/laravel/framework/src/Illuminate/Foundation/Http/Middleware/TransformsRequest.php(21): Illuminate\\Pipeline\\Pipeline->Illuminate\\Pipeline\\{closure}()
#20 /media/cejota/9AF06BD5F06BB663/agroecologia/sistema-de-gestao-agricola/vendor/laravel/framework/src/Illuminate/Pipeline/Pipeline.php(167): Illuminate\\Foundation\\Http\\Middleware\\TransformsRequest->handle()
#21 /media/cejota/9AF06BD5F06BB663/agroecologia/sistema-de-gestao-agricola/vendor/laravel/framework/src/Illuminate/Foundation/Http/Middleware/ValidatePostSize.php(27): Illuminate\\Pipeline\\Pipeline->Illuminate\\Pipeline\\{closure}()
#22 /media/cejota/9AF06BD5F06BB663/agroecologia/sistema-de-gestao-agricola/vendor/laravel/framework/src/Illuminate/Pipeline/Pipeline.php(167): Illuminate\\Foundation\\Http\\Middleware\\ValidatePostSize->handle()
#23 /media/cejota/9AF06BD5F06BB663/agroecologia/sistema-de-gestao-agricola/vendor/laravel/framework/src/Illuminate/Foundation/Http/Middleware/PreventRequestsDuringMaintenance.php(87): Illuminate\\Pipeline\\Pipeline->Illuminate\\Pipeline\\{closure}()
#24 /media/cejota/9AF06BD5F06BB663/agroecologia/sistema-de-gestao-agricola/vendor/laravel/framework/src/Illuminate/Pipeline/Pipeline.php(167): Illuminate\\Foundation\\Http\\Middleware\\PreventRequestsDuringMaintenance->handle()
#25 /media/cejota/9AF06BD5F06BB663/agroecologia/sistema-de-gestao-agricola/vendor/fruitcake/laravel-cors/src/HandleCors.php(37): Illuminate\\Pipeline\\Pipeline->Illuminate\\Pipeline\\{closure}()
#26 /media/cejota/9AF06BD5F06BB663/agroecologia/sistema-de-gestao-agricola/vendor/laravel/framework/src/Illuminate/Pipeline/Pipeline.php(167): Fruitcake\\Cors\\HandleCors->handle()
#27 /media/cejota/9AF06BD5F06BB663/agroecologia/sistema-de-gestao-agricola/vendor/fideloper/proxy/src/TrustProxies.php(57): Illuminate\\Pipeline\\Pipeline->Illuminate\\Pipeline\\{closure}()
#28 /media/cejota/9AF06BD5F06BB663/agroecologia/sistema-de-gestao-agricola/vendor/laravel/framework/src/Illuminate/Pipeline/Pipeline.php(167): Fideloper\\Proxy\\TrustProxies->handle()
#29 /media/cejota/9AF06BD5F06BB663/agroecologia/sistema-de-gestao-agricola/vendor/laravel/framework/src/Illuminate/Pipeline/Pipeline.php(103): Illuminate\\Pipeline\\Pipeline->Illuminate\\Pipeline\\{closure}()
#30 /media/cejota/9AF06BD5F06BB663/agroecologia/sistema-de-gestao-agricola/vendor/laravel/framework/src/Illuminate/Foundation/Http/Kernel.php(141): Illuminate\\Pipeline\\Pipeline->then()
#31 /media/cejota/9AF06BD5F06BB663/agroecologia/sistema-de-gestao-agricola/vendor/laravel/framework/src/Illuminate/Foundation/Http/Kernel.php(110): Illuminate\\Foundation\\Http\\Kernel->sendRequestThroughRouter()
#32 /media/cejota/9AF06BD5F06BB663/agroecologia/sistema-de-gestao-agricola/public/index.php(52): Illuminate\\Foundation\\Http\\Kernel->handle()
#33 /media/cejota/9AF06BD5F06BB663/agroecologia/sistema-de-gestao-agricola/server.php(21): require_once('/media/cejota/9...')
#34 {main}
"} 
